<?xml version="1.0" encoding="UTF-8"?>
<!-- Generated by org.testng.reporters.JUnitReportReporter -->
<testsuite hostname="Parthiban" failures="0" tests="1" name="testCase.SignInTestCase" time="46.667" errors="0" timestamp="2023-06-19T12:35:09 IST" skipped="0">
  <testcase classname="testCase.SignInTestCase" name="initialSignIn" time="46.667"/>
  <system-out/>
</testsuite> <!-- testCase.SignInTestCase -->
